s 1 2 3 11 12 19 20 27 28
t 1 2 3 11 12 19 20 30 31
a YES
a 1 2 3 11 12 19 20 27 28
a 2 3 4 11 12 19 20 27 28
a 2 4 5 11 12 19 20 27 28
a 2 5 6 11 12 19 20 27 28
a 5 6 7 11 12 19 20 27 28
a 6 7 8 11 12 19 20 27 28
a 6 8 9 11 12 19 20 27 28
a 4 8 9 11 12 19 20 27 28
a 4 9 10 11 12 19 20 27 28
a 1 9 10 11 12 19 20 27 28
a 1 7 10 11 12 19 20 27 28
a 1 7 10 12 13 19 20 27 28
a 1 7 10 13 14 19 20 27 28
a 1 7 10 14 15 19 20 27 28
a 1 9 10 14 15 19 20 27 28
a 4 9 10 14 15 19 20 27 28
a 4 8 9 14 15 19 20 27 28
a 6 8 9 14 15 19 20 27 28
a 6 7 8 14 15 19 20 27 28
a 5 6 7 14 15 19 20 27 28
a 2 5 6 14 15 19 20 27 28
a 2 4 5 14 15 19 20 27 28
a 2 3 4 14 15 19 20 27 28
a 1 2 3 14 15 19 20 27 28
a 1 2 3 15 16 19 20 27 28
a 1 2 3 16 17 19 20 27 28
a 1 2 3 17 18 19 20 27 28
a 2 3 4 17 18 19 20 27 28
a 2 4 5 17 18 19 20 27 28
a 2 5 6 17 18 19 20 27 28
a 5 6 7 17 18 19 20 27 28
a 6 7 8 17 18 19 20 27 28
a 6 8 9 17 18 19 20 27 28
a 4 8 9 17 18 19 20 27 28
a 4 9 10 17 18 19 20 27 28
a 1 9 10 17 18 19 20 27 28
a 1 7 10 17 18 19 20 27 28
a 1 7 10 17 18 20 21 27 28
a 1 7 10 17 18 21 22 27 28
a 1 7 10 17 18 22 23 27 28
a 1 9 10 17 18 22 23 27 28
a 4 9 10 17 18 22 23 27 28
a 4 8 9 17 18 22 23 27 28
a 6 8 9 17 18 22 23 27 28
a 6 7 8 17 18 22 23 27 28
a 5 6 7 17 18 22 23 27 28
a 2 5 6 17 18 22 23 27 28
a 2 4 5 17 18 22 23 27 28
a 2 3 4 17 18 22 23 27 28
a 1 2 3 17 18 22 23 27 28
a 1 2 3 16 17 22 23 27 28
a 1 2 3 15 16 22 23 27 28
a 1 2 3 14 15 22 23 27 28
a 2 3 4 14 15 22 23 27 28
a 2 4 5 14 15 22 23 27 28
a 2 5 6 14 15 22 23 27 28
a 5 6 7 14 15 22 23 27 28
a 6 7 8 14 15 22 23 27 28
a 6 8 9 14 15 22 23 27 28
a 4 8 9 14 15 22 23 27 28
a 4 9 10 14 15 22 23 27 28
a 1 9 10 14 15 22 23 27 28
a 1 7 10 14 15 22 23 27 28
a 1 7 10 13 14 22 23 27 28
a 1 7 10 12 13 22 23 27 28
a 1 7 10 11 12 22 23 27 28
a 1 9 10 11 12 22 23 27 28
a 4 9 10 11 12 22 23 27 28
a 4 8 9 11 12 22 23 27 28
a 6 8 9 11 12 22 23 27 28
a 6 7 8 11 12 22 23 27 28
a 5 6 7 11 12 22 23 27 28
a 2 5 6 11 12 22 23 27 28
a 2 4 5 11 12 22 23 27 28
a 2 3 4 11 12 22 23 27 28
a 1 2 3 11 12 22 23 27 28
a 1 2 3 11 12 23 24 27 28
a 1 2 3 11 12 24 25 27 28
a 1 2 3 11 12 25 26 27 28
a 2 3 4 11 12 25 26 27 28
a 2 4 5 11 12 25 26 27 28
a 2 5 6 11 12 25 26 27 28
a 5 6 7 11 12 25 26 27 28
a 6 7 8 11 12 25 26 27 28
a 6 8 9 11 12 25 26 27 28
a 4 8 9 11 12 25 26 27 28
a 4 9 10 11 12 25 26 27 28
a 1 9 10 11 12 25 26 27 28
a 1 7 10 11 12 25 26 27 28
a 1 7 10 12 13 25 26 27 28
a 1 7 10 13 14 25 26 27 28
a 1 7 10 14 15 25 26 27 28
a 1 9 10 14 15 25 26 27 28
a 4 9 10 14 15 25 26 27 28
a 4 8 9 14 15 25 26 27 28
a 6 8 9 14 15 25 26 27 28
a 6 7 8 14 15 25 26 27 28
a 5 6 7 14 15 25 26 27 28
a 2 5 6 14 15 25 26 27 28
a 2 4 5 14 15 25 26 27 28
a 2 3 4 14 15 25 26 27 28
a 1 2 3 14 15 25 26 27 28
a 1 2 3 15 16 25 26 27 28
a 1 2 3 16 17 25 26 27 28
a 1 2 3 17 18 25 26 27 28
a 2 3 4 17 18 25 26 27 28
a 2 4 5 17 18 25 26 27 28
a 2 5 6 17 18 25 26 27 28
a 5 6 7 17 18 25 26 27 28
a 6 7 8 17 18 25 26 27 28
a 6 8 9 17 18 25 26 27 28
a 4 8 9 17 18 25 26 27 28
a 4 9 10 17 18 25 26 27 28
a 1 9 10 17 18 25 26 27 28
a 1 7 10 17 18 25 26 27 28
a 1 7 10 17 18 25 26 28 29
a 1 7 10 17 18 25 26 29 30
a 1 7 10 17 18 25 26 30 31
a 1 9 10 17 18 25 26 30 31
a 4 9 10 17 18 25 26 30 31
a 4 8 9 17 18 25 26 30 31
a 6 8 9 17 18 25 26 30 31
a 6 7 8 17 18 25 26 30 31
a 5 6 7 17 18 25 26 30 31
a 2 5 6 17 18 25 26 30 31
a 2 4 5 17 18 25 26 30 31
a 2 3 4 17 18 25 26 30 31
a 1 2 3 17 18 25 26 30 31
a 1 2 3 16 17 25 26 30 31
a 1 2 3 15 16 25 26 30 31
a 1 2 3 14 15 25 26 30 31
a 2 3 4 14 15 25 26 30 31
a 2 4 5 14 15 25 26 30 31
a 2 5 6 14 15 25 26 30 31
a 5 6 7 14 15 25 26 30 31
a 6 7 8 14 15 25 26 30 31
a 6 8 9 14 15 25 26 30 31
a 4 8 9 14 15 25 26 30 31
a 4 9 10 14 15 25 26 30 31
a 1 9 10 14 15 25 26 30 31
a 1 7 10 14 15 25 26 30 31
a 1 7 10 13 14 25 26 30 31
a 1 7 10 12 13 25 26 30 31
a 1 7 10 11 12 25 26 30 31
a 1 9 10 11 12 25 26 30 31
a 4 9 10 11 12 25 26 30 31
a 4 8 9 11 12 25 26 30 31
a 6 8 9 11 12 25 26 30 31
a 6 7 8 11 12 25 26 30 31
a 5 6 7 11 12 25 26 30 31
a 2 5 6 11 12 25 26 30 31
a 2 4 5 11 12 25 26 30 31
a 2 3 4 11 12 25 26 30 31
a 1 2 3 11 12 25 26 30 31
a 1 2 3 11 12 24 25 30 31
a 1 2 3 11 12 23 24 30 31
a 1 2 3 11 12 22 23 30 31
a 2 3 4 11 12 22 23 30 31
a 2 4 5 11 12 22 23 30 31
a 2 5 6 11 12 22 23 30 31
a 5 6 7 11 12 22 23 30 31
a 6 7 8 11 12 22 23 30 31
a 6 8 9 11 12 22 23 30 31
a 4 8 9 11 12 22 23 30 31
a 4 9 10 11 12 22 23 30 31
a 1 9 10 11 12 22 23 30 31
a 1 7 10 11 12 22 23 30 31
a 1 7 10 12 13 22 23 30 31
a 1 7 10 13 14 22 23 30 31
a 1 7 10 14 15 22 23 30 31
a 1 9 10 14 15 22 23 30 31
a 4 9 10 14 15 22 23 30 31
a 4 8 9 14 15 22 23 30 31
a 6 8 9 14 15 22 23 30 31
a 6 7 8 14 15 22 23 30 31
a 5 6 7 14 15 22 23 30 31
a 2 5 6 14 15 22 23 30 31
a 2 4 5 14 15 22 23 30 31
a 2 3 4 14 15 22 23 30 31
a 1 2 3 14 15 22 23 30 31
a 1 2 3 15 16 22 23 30 31
a 1 2 3 16 17 22 23 30 31
a 1 2 3 17 18 22 23 30 31
a 2 3 4 17 18 22 23 30 31
a 2 4 5 17 18 22 23 30 31
a 2 5 6 17 18 22 23 30 31
a 5 6 7 17 18 22 23 30 31
a 6 7 8 17 18 22 23 30 31
a 6 8 9 17 18 22 23 30 31
a 4 8 9 17 18 22 23 30 31
a 4 9 10 17 18 22 23 30 31
a 1 9 10 17 18 22 23 30 31
a 1 7 10 17 18 22 23 30 31
a 1 7 10 17 18 21 22 30 31
a 1 7 10 17 18 20 21 30 31
a 1 7 10 17 18 19 20 30 31
a 1 9 10 17 18 19 20 30 31
a 4 9 10 17 18 19 20 30 31
a 4 8 9 17 18 19 20 30 31
a 6 8 9 17 18 19 20 30 31
a 6 7 8 17 18 19 20 30 31
a 5 6 7 17 18 19 20 30 31
a 2 5 6 17 18 19 20 30 31
a 2 4 5 17 18 19 20 30 31
a 2 3 4 17 18 19 20 30 31
a 1 2 3 17 18 19 20 30 31
a 1 2 3 16 17 19 20 30 31
a 1 2 3 15 16 19 20 30 31
a 1 2 3 14 15 19 20 30 31
a 2 3 4 14 15 19 20 30 31
a 2 4 5 14 15 19 20 30 31
a 2 5 6 14 15 19 20 30 31
a 5 6 7 14 15 19 20 30 31
a 6 7 8 14 15 19 20 30 31
a 6 8 9 14 15 19 20 30 31
a 4 8 9 14 15 19 20 30 31
a 4 9 10 14 15 19 20 30 31
a 1 9 10 14 15 19 20 30 31
a 1 7 10 14 15 19 20 30 31
a 1 7 10 13 14 19 20 30 31
a 1 7 10 12 13 19 20 30 31
a 1 7 10 11 12 19 20 30 31
a 1 9 10 11 12 19 20 30 31
a 4 9 10 11 12 19 20 30 31
a 4 8 9 11 12 19 20 30 31
a 6 8 9 11 12 19 20 30 31
a 6 7 8 11 12 19 20 30 31
a 5 6 7 11 12 19 20 30 31
a 2 5 6 11 12 19 20 30 31
a 2 4 5 11 12 19 20 30 31
a 2 3 4 11 12 19 20 30 31
a 1 2 3 11 12 19 20 30 31
