c model ISR_TJ
s  1  4  6  9 12 14 17
t  1  4  6  9 12 15 16
a YES
a  1  4  6  9 12 14 17
a  1  4  6  9 11 14 17
a  1  8  6  9 11 14 17
a  2  8  6  9 11 14 17
a  2  8  3  9 11 14 17
a  2  8  3 10 11 14 17
a  2  8  5 10 11 14 17
a  1  8  5 10 11 14 17
a  1  4  5 10 11 14 17
a  1  4  5 10 12 14 17
a  1  7  5 10 12 14 17
a  2  7  5 10 12 14 17
a  2  7  3 10 12 14 17
a  2  7  3  9 12 14 17
a  2  7  3  9 12 13 17
a  2  7  3  9 12 13 16
a  2  7  3  9 12 15 16
a  2  7  3 10 12 15 16
a  2  7  5 10 12 15 16
a  1  7  5 10 12 15 16
a  1  4  5 10 12 15 16
a  1  4  5 10 11 15 16
a  1  8  5 10 11 15 16
a  2  8  5 10 11 15 16
a  2  8  3 10 11 15 16
a  2  8  3  9 11 15 16
a  2  8  6  9 11 15 16
a  1  8  6  9 11 15 16
a  1  4  6  9 11 15 16
a  1  4  6  9 12 15 16