s 2 7 8 13 15 16
t 8 9 10 13 15 16
a YES
a 13 15 16 2 7 8
a 13 15 16 5 7 8
a 13 15 17 5 7 8
a 11 13 17 5 7 8
a 11 14 17 5 7 8
a 12 14 17 5 7 8
a 12 14 16 5 7 8
a 12 14 16 5 6 7
a 12 14 16 4 5 6
a 12 14 16 3 4 5
a 12 14 17 3 4 5
a 11 14 17 3 4 5
a 11 13 17 3 4 5
a 13 15 17 3 4 5
a 13 15 16 3 4 5
a 13 15 16 2 3 4
a 1 13 15 16 2 3
a 1 13 15 16 3 9
a 1 13 15 17 3 9
a 1 11 13 17 3 9
a 1 11 14 17 3 9
a 1 12 14 17 3 9
a 1 12 14 16 3 9
a 1 12 14 16 6 9
a 10 12 14 16 6 9
a 10 12 14 16 8 9
a 10 12 14 17 8 9
a 10 11 14 17 8 9
a 10 11 13 17 8 9
a 10 13 15 17 8 9
a 10 13 15 16 8 9
