s 2 7 8 18 19 20 28 29 30
t 2 7 8 18 19 20 22 27 31
a YES
a 18 19 2 20 28 29 30 7 8
a 18 19 20 28 29 30 5 7 8
a 18 19 20 28 29 30 5 6 7
a 18 19 20 28 29 30 4 5 6
a 18 19 20 28 29 3 30 4 5
a 18 19 2 20 28 29 3 30 4
a 1 18 19 2 20 28 29 3 30
a 1 18 19 20 28 29 3 30 9
a 1 18 19 20 28 29 30 6 9
a 10 18 19 20 28 29 30 6 9
a 10 18 19 20 28 29 30 8 9
a 10 16 19 20 28 29 30 8 9
a 10 11 16 19 28 29 30 8 9
a 10 11 13 19 28 29 30 8 9
a 10 11 13 19 28 29 30 6 9
a 1 11 13 19 28 29 30 6 9
a 1 11 13 19 28 29 3 30 9
a 1 11 13 19 2 28 29 3 30
a 11 13 19 2 28 29 3 30 4
a 11 13 19 28 29 3 30 4 5
a 11 13 19 28 29 30 4 5 6
a 11 13 19 28 29 30 5 6 7
a 11 13 19 28 29 30 5 7 8
a 11 13 19 2 28 29 30 7 8
a 11 12 13 2 28 29 30 7 8
a 12 13 14 2 28 29 30 7 8
a 13 14 15 2 28 29 30 7 8
a 13 14 15 28 29 30 5 7 8
a 13 14 15 28 29 30 5 6 7
a 13 14 15 28 29 30 4 5 6
a 13 14 15 28 29 3 30 4 5
a 13 14 15 2 28 29 3 30 4
a 1 13 14 15 2 28 29 3 30
a 1 13 14 15 28 29 3 30 9
a 1 13 14 15 28 29 30 6 9
a 10 13 14 15 28 29 30 6 9
a 10 13 14 15 28 29 30 8 9
a 10 14 15 16 28 29 30 8 9
a 10 15 16 17 28 29 30 8 9
a 10 15 17 18 28 29 30 8 9
a 10 15 17 18 28 29 30 6 9
a 1 15 17 18 28 29 30 6 9
a 1 15 17 18 28 29 3 30 9
a 1 15 17 18 2 28 29 3 30
a 15 17 18 2 28 29 3 30 4
a 15 17 18 28 29 3 30 4 5
a 15 17 18 28 29 30 4 5 6
a 15 17 18 28 29 30 5 6 7
a 15 17 18 28 29 30 5 7 8
a 15 17 18 2 28 29 30 7 8
a 12 17 18 2 28 29 30 7 8
a 12 17 18 2 26 29 30 7 8
a 12 17 18 2 21 26 29 7 8
a 12 17 18 2 21 23 29 7 8
a 15 17 18 2 21 23 29 7 8
a 15 17 18 21 23 29 5 7 8
a 15 17 18 21 23 29 5 6 7
a 15 17 18 21 23 29 4 5 6
a 15 17 18 21 23 29 3 4 5
a 15 17 18 2 21 23 29 3 4
a 1 15 17 18 2 21 23 29 3
a 1 15 17 18 21 23 29 3 9
a 1 15 17 18 21 23 29 6 9
a 10 15 17 18 21 23 29 6 9
a 10 15 17 18 21 23 29 8 9
a 10 15 16 17 21 23 29 8 9
a 10 14 15 16 21 23 29 8 9
a 10 13 14 15 21 23 29 8 9
a 10 13 14 15 21 23 29 6 9
a 1 13 14 15 21 23 29 6 9
a 1 13 14 15 21 23 29 3 9
a 1 13 14 15 2 21 23 29 3
a 13 14 15 2 21 23 29 3 4
a 13 14 15 21 23 29 3 4 5
a 13 14 15 21 23 29 4 5 6
a 13 14 15 21 23 29 5 6 7
a 13 14 15 21 23 29 5 7 8
a 13 14 15 2 21 23 29 7 8
a 12 13 14 2 21 23 29 7 8
a 11 12 13 2 21 23 29 7 8
a 11 13 19 2 21 23 29 7 8
a 11 13 19 21 23 29 5 7 8
a 11 13 19 21 23 29 5 6 7
a 11 13 19 21 23 29 4 5 6
a 11 13 19 21 23 29 3 4 5
a 11 13 19 2 21 23 29 3 4
a 1 11 13 19 2 21 23 29 3
a 1 11 13 19 21 23 29 3 9
a 1 11 13 19 21 23 29 6 9
a 10 11 13 19 21 23 29 6 9
a 10 11 13 19 21 23 29 8 9
a 10 11 16 19 21 23 29 8 9
a 10 16 19 20 21 23 29 8 9
a 10 18 19 20 21 23 29 8 9
a 10 18 19 20 21 23 29 6 9
a 1 18 19 20 21 23 29 6 9
a 1 18 19 20 21 23 29 3 9
a 1 18 19 2 20 21 23 29 3
a 18 19 2 20 21 23 29 3 4
a 18 19 20 21 23 29 3 4 5
a 18 19 20 21 23 29 4 5 6
a 18 19 20 21 23 29 5 6 7
a 18 19 20 21 23 29 5 7 8
a 18 19 2 20 21 23 29 7 8
a 18 19 2 20 21 22 23 7 8
a 18 19 2 20 22 23 24 7 8
a 18 19 2 20 23 24 25 7 8
a 18 19 20 23 24 25 5 7 8
a 18 19 20 23 24 25 5 6 7
a 18 19 20 23 24 25 4 5 6
a 18 19 20 23 24 25 3 4 5
a 18 19 2 20 23 24 25 3 4
a 1 18 19 2 20 23 24 25 3
a 1 18 19 20 23 24 25 3 9
a 1 18 19 20 23 24 25 6 9
a 10 18 19 20 23 24 25 6 9
a 10 18 19 20 23 24 25 8 9
a 10 16 19 20 23 24 25 8 9
a 10 11 16 19 23 24 25 8 9
a 10 11 13 19 23 24 25 8 9
a 10 11 13 19 23 24 25 6 9
a 1 11 13 19 23 24 25 6 9
a 1 11 13 19 23 24 25 3 9
a 1 11 13 19 2 23 24 25 3
a 11 13 19 2 23 24 25 3 4
a 11 13 19 23 24 25 3 4 5
a 11 13 19 23 24 25 4 5 6
a 11 13 19 23 24 25 5 6 7
a 11 13 19 23 24 25 5 7 8
a 11 13 19 2 23 24 25 7 8
a 11 12 13 2 23 24 25 7 8
a 12 13 14 2 23 24 25 7 8
a 13 14 15 2 23 24 25 7 8
a 13 14 15 23 24 25 5 7 8
a 13 14 15 23 24 25 5 6 7
a 13 14 15 23 24 25 4 5 6
a 13 14 15 23 24 25 3 4 5
a 13 14 15 2 23 24 25 3 4
a 1 13 14 15 2 23 24 25 3
a 1 13 14 15 23 24 25 3 9
a 1 13 14 15 23 24 25 6 9
a 10 13 14 15 23 24 25 6 9
a 10 13 14 15 23 24 25 8 9
a 10 14 15 16 23 24 25 8 9
a 10 15 16 17 23 24 25 8 9
a 10 15 17 18 23 24 25 8 9
a 10 15 17 18 23 24 25 6 9
a 1 15 17 18 23 24 25 6 9
a 1 15 17 18 23 24 25 3 9
a 1 15 17 18 2 23 24 25 3
a 15 17 18 2 23 24 25 3 4
a 15 17 18 23 24 25 3 4 5
a 15 17 18 23 24 25 4 5 6
a 15 17 18 23 24 25 5 6 7
a 15 17 18 23 24 25 5 7 8
a 15 17 18 2 23 24 25 7 8
a 12 17 18 2 23 24 25 7 8
a 12 17 18 2 24 25 26 7 8
a 12 17 18 2 25 26 27 7 8
a 12 17 18 2 25 27 28 7 8
a 15 17 18 2 25 27 28 7 8
a 15 17 18 25 27 28 5 7 8
a 15 17 18 25 27 28 5 6 7
a 15 17 18 25 27 28 4 5 6
a 15 17 18 25 27 28 3 4 5
a 15 17 18 2 25 27 28 3 4
a 1 15 17 18 2 25 27 28 3
a 1 15 17 18 25 27 28 3 9
a 1 15 17 18 25 27 28 6 9
a 10 15 17 18 25 27 28 6 9
a 10 15 17 18 25 27 28 8 9
a 10 15 16 17 25 27 28 8 9
a 10 14 15 16 25 27 28 8 9
a 10 13 14 15 25 27 28 8 9
a 10 13 14 15 25 27 28 6 9
a 1 13 14 15 25 27 28 6 9
a 1 13 14 15 25 27 28 3 9
a 1 13 14 15 2 25 27 28 3
a 13 14 15 2 25 27 28 3 4
a 13 14 15 25 27 28 3 4 5
a 13 14 15 25 27 28 4 5 6
a 13 14 15 25 27 28 5 6 7
a 13 14 15 25 27 28 5 7 8
a 13 14 15 2 25 27 28 7 8
a 12 13 14 2 25 27 28 7 8
a 11 12 13 2 25 27 28 7 8
a 11 13 19 2 25 27 28 7 8
a 11 13 19 25 27 28 5 7 8
a 11 13 19 25 27 28 5 6 7
a 11 13 19 25 27 28 4 5 6
a 11 13 19 25 27 28 3 4 5
a 11 13 19 2 25 27 28 3 4
a 1 11 13 19 2 25 27 28 3
a 1 11 13 19 25 27 28 3 9
a 1 11 13 19 25 27 28 6 9
a 10 11 13 19 25 27 28 6 9
a 10 11 13 19 25 27 28 8 9
a 10 11 16 19 25 27 28 8 9
a 10 16 19 20 25 27 28 8 9
a 10 18 19 20 25 27 28 8 9
a 10 18 19 20 25 27 28 6 9
a 1 18 19 20 25 27 28 6 9
a 1 18 19 20 25 27 28 3 9
a 1 18 19 2 20 25 27 28 3
a 18 19 2 20 25 27 28 3 4
a 18 19 20 25 27 28 3 4 5
a 18 19 20 25 27 28 4 5 6
a 18 19 20 25 27 28 5 6 7
a 18 19 20 25 27 28 5 7 8
a 18 19 2 20 25 27 28 7 8
a 18 19 2 20 27 28 31 7 8
a 18 19 2 20 22 27 31 7 8
