s 1 2 8 9 10
t 1 2 8 14 17
a YES
a 1 2 8 9 10
a 2 3 8 9 10
a 3 4 8 9 10
a 4 5 8 9 10
a 5 6 8 9 10
a 6 7 8 9 10
a 6 7 9 10 11
a 6 7 9 11 12
a 6 7 9 12 13
a 5 6 9 12 13
a 4 5 9 12 13
a 3 4 9 12 13
a 2 3 9 12 13
a 1 2 9 12 13
a 1 2 12 13 14
a 1 2 13 14 15
a 1 2 13 15 16
a 2 3 13 15 16
a 3 4 13 15 16
a 4 5 13 15 16
a 5 6 13 15 16
a 6 7 13 15 16
a 6 7 11 15 16
a 6 7 11 16 17
a 6 7 8 16 17
a 5 6 8 16 17
a 4 5 8 16 17
a 3 4 8 16 17
a 2 3 8 16 17
a 1 2 8 16 17
a 1 2 8 14 17
